<?xml version="1.0" encoding="UTF-8"?>
<!-- Generated by org.testng.reporters.JUnitReportReporter -->
<testsuite hostname="DESKTOP-D8034K5" failures="0" tests="1" name="driverFactory.AppTest" time="20.823" errors="0" timestamp="2024-01-29T12:31:14 IST" skipped="0">
  <testcase classname="driverFactory.AppTest" name="KickStart" time="20.823"/>
</testsuite> <!-- driverFactory.AppTest -->
